{"C:\\Users\\juani\\Desktop\\react\\rest_api\\backend\\src\\router.ts": {"path":"C:\\Users\\juani\\Desktop\\react\\rest_api\\backend\\src\\router.ts","statementMap":{"0":{"start":{"line":1,"column":0},"end":{"line":1,"column":33}},"1":{"start":{"line":2,"column":0},"end":{"line":2,"column":48}},"2":{"start":{"line":3,"column":0},"end":{"line":3,"column":129}},"3":{"start":{"line":4,"column":0},"end":{"line":4,"column":50}},"4":{"start":{"line":6,"column":15},"end":{"line":6,"column":23}},"5":{"start":{"line":9,"column":0},"end":{"line":9,"column":28}},"6":{"start":{"line":10,"column":0},"end":{"line":14,"column":2}},"7":{"start":{"line":16,"column":0},"end":{"line":27,"column":2}},"8":{"start":{"line":23,"column":21},"end":{"line":23,"column":30}},"9":{"start":{"line":29,"column":0},"end":{"line":43,"column":2}},"10":{"start":{"line":36,"column":21},"end":{"line":36,"column":30}},"11":{"start":{"line":45,"column":0},"end":{"line":49,"column":2}},"12":{"start":{"line":51,"column":0},"end":{"line":55,"column":2}},"13":{"start":{"line":57,"column":0},"end":{"line":57,"column":22}}},"fnMap":{"0":{"name":"(anonymous_0)","decl":{"start":{"line":23,"column":12},"end":{"line":23,"column":17}},"loc":{"start":{"line":23,"column":21},"end":{"line":23,"column":30}}},"1":{"name":"(anonymous_1)","decl":{"start":{"line":36,"column":12},"end":{"line":36,"column":17}},"loc":{"start":{"line":36,"column":21},"end":{"line":36,"column":30}}}},"branchMap":{},"s":{"0":2,"1":2,"2":2,"3":2,"4":2,"5":2,"6":2,"7":2,"8":4,"9":2,"10":5,"11":2,"12":2,"13":2},"f":{"0":4,"1":5},"b":{}}
,"C:\\Users\\juani\\Desktop\\react\\rest_api\\backend\\src\\server.ts": {"path":"C:\\Users\\juani\\Desktop\\react\\rest_api\\backend\\src\\server.ts","statementMap":{"0":{"start":{"line":1,"column":0},"end":{"line":1,"column":30}},"1":{"start":{"line":2,"column":0},"end":{"line":2,"column":30}},"2":{"start":{"line":3,"column":0},"end":{"line":3,"column":29}},"3":{"start":{"line":4,"column":0},"end":{"line":4,"column":28}},"4":{"start":{"line":8,"column":2},"end":{"line":15,"column":3}},"5":{"start":{"line":9,"column":4},"end":{"line":9,"column":28}},"6":{"start":{"line":10,"column":4},"end":{"line":10,"column":14}},"7":{"start":{"line":14,"column":4},"end":{"line":14,"column":81}},"8":{"start":{"line":7,"column":0},"end":{"line":7,"column":7}},"9":{"start":{"line":17,"column":0},"end":{"line":17,"column":12}},"10":{"start":{"line":20,"column":15},"end":{"line":20,"column":24}},"11":{"start":{"line":23,"column":0},"end":{"line":23,"column":27}},"12":{"start":{"line":25,"column":0},"end":{"line":25,"column":36}},"13":{"start":{"line":27,"column":0},"end":{"line":29,"column":3}},"14":{"start":{"line":28,"column":2},"end":{"line":28,"column":32}},"15":{"start":{"line":31,"column":0},"end":{"line":31,"column":22}}},"fnMap":{"0":{"name":"connectDB","decl":{"start":{"line":7,"column":22},"end":{"line":7,"column":31}},"loc":{"start":{"line":7,"column":31},"end":{"line":16,"column":1}}},"1":{"name":"(anonymous_2)","decl":{"start":{"line":27,"column":19},"end":{"line":27,"column":20}},"loc":{"start":{"line":27,"column":32},"end":{"line":29,"column":1}}}},"branchMap":{},"s":{"0":2,"1":2,"2":2,"3":2,"4":3,"5":3,"6":2,"7":1,"8":2,"9":2,"10":2,"11":2,"12":2,"13":2,"14":1,"15":2},"f":{"0":3,"1":1},"b":{}}
,"C:\\Users\\juani\\Desktop\\react\\rest_api\\backend\\src\\config\\db.ts": {"path":"C:\\Users\\juani\\Desktop\\react\\rest_api\\backend\\src\\config\\db.ts","statementMap":{"0":{"start":{"line":1,"column":0},"end":{"line":1,"column":49}},"1":{"start":{"line":2,"column":0},"end":{"line":2,"column":28}},"2":{"start":{"line":4,"column":0},"end":{"line":4,"column":16}},"3":{"start":{"line":6,"column":11},"end":{"line":9,"column":2}},"4":{"start":{"line":11,"column":0},"end":{"line":11,"column":18}}},"fnMap":{},"branchMap":{},"s":{"0":2,"1":2,"2":2,"3":2,"4":2},"f":{},"b":{}}
,"C:\\Users\\juani\\Desktop\\react\\rest_api\\backend\\src\\handlers\\product.ts": {"path":"C:\\Users\\juani\\Desktop\\react\\rest_api\\backend\\src\\handlers\\product.ts","statementMap":{"0":{"start":{"line":3,"column":0},"end":{"line":3,"column":46}},"1":{"start":{"line":5,"column":26},"end":{"line":13,"column":1}},"2":{"start":{"line":6,"column":19},"end":{"line":11,"column":4}},"3":{"start":{"line":12,"column":2},"end":{"line":12,"column":29}},"4":{"start":{"line":5,"column":13},"end":{"line":5,"column":26}},"5":{"start":{"line":15,"column":30},"end":{"line":24,"column":1}},"6":{"start":{"line":16,"column":15},"end":{"line":16,"column":25}},"7":{"start":{"line":17,"column":18},"end":{"line":17,"column":44}},"8":{"start":{"line":19,"column":2},"end":{"line":21,"column":3}},"9":{"start":{"line":20,"column":4},"end":{"line":20,"column":67}},"10":{"start":{"line":23,"column":2},"end":{"line":23,"column":28}},"11":{"start":{"line":15,"column":13},"end":{"line":15,"column":30}},"12":{"start":{"line":26,"column":29},"end":{"line":29,"column":1}},"13":{"start":{"line":27,"column":18},"end":{"line":27,"column":48}},"14":{"start":{"line":28,"column":2},"end":{"line":28,"column":40}},"15":{"start":{"line":26,"column":13},"end":{"line":26,"column":29}},"16":{"start":{"line":31,"column":29},"end":{"line":44,"column":1}},"17":{"start":{"line":32,"column":15},"end":{"line":32,"column":25}},"18":{"start":{"line":33,"column":18},"end":{"line":33,"column":44}},"19":{"start":{"line":35,"column":2},"end":{"line":37,"column":3}},"20":{"start":{"line":36,"column":4},"end":{"line":36,"column":67}},"21":{"start":{"line":40,"column":2},"end":{"line":40,"column":33}},"22":{"start":{"line":41,"column":2},"end":{"line":41,"column":23}},"23":{"start":{"line":43,"column":2},"end":{"line":43,"column":28}},"24":{"start":{"line":31,"column":13},"end":{"line":31,"column":29}},"25":{"start":{"line":46,"column":34},"end":{"line":59,"column":1}},"26":{"start":{"line":47,"column":15},"end":{"line":47,"column":25}},"27":{"start":{"line":48,"column":18},"end":{"line":48,"column":44}},"28":{"start":{"line":50,"column":2},"end":{"line":52,"column":3}},"29":{"start":{"line":51,"column":4},"end":{"line":51,"column":67}},"30":{"start":{"line":55,"column":2},"end":{"line":55,"column":58}},"31":{"start":{"line":56,"column":2},"end":{"line":56,"column":23}},"32":{"start":{"line":58,"column":2},"end":{"line":58,"column":28}},"33":{"start":{"line":46,"column":13},"end":{"line":46,"column":34}},"34":{"start":{"line":61,"column":29},"end":{"line":72,"column":1}},"35":{"start":{"line":62,"column":15},"end":{"line":62,"column":25}},"36":{"start":{"line":63,"column":18},"end":{"line":63,"column":44}},"37":{"start":{"line":65,"column":2},"end":{"line":67,"column":3}},"38":{"start":{"line":66,"column":4},"end":{"line":66,"column":67}},"39":{"start":{"line":69,"column":2},"end":{"line":69,"column":26}},"40":{"start":{"line":71,"column":2},"end":{"line":71,"column":42}},"41":{"start":{"line":61,"column":13},"end":{"line":61,"column":29}}},"fnMap":{"0":{"name":"(anonymous_1)","decl":{"start":{"line":5,"column":26},"end":{"line":5,"column":31}},"loc":{"start":{"line":5,"column":64},"end":{"line":13,"column":1}}},"1":{"name":"(anonymous_2)","decl":{"start":{"line":15,"column":30},"end":{"line":15,"column":35}},"loc":{"start":{"line":15,"column":68},"end":{"line":24,"column":1}}},"2":{"name":"(anonymous_3)","decl":{"start":{"line":26,"column":29},"end":{"line":26,"column":34}},"loc":{"start":{"line":26,"column":67},"end":{"line":29,"column":1}}},"3":{"name":"(anonymous_4)","decl":{"start":{"line":31,"column":29},"end":{"line":31,"column":34}},"loc":{"start":{"line":31,"column":67},"end":{"line":44,"column":1}}},"4":{"name":"(anonymous_5)","decl":{"start":{"line":46,"column":34},"end":{"line":46,"column":39}},"loc":{"start":{"line":46,"column":72},"end":{"line":59,"column":1}}},"5":{"name":"(anonymous_6)","decl":{"start":{"line":61,"column":29},"end":{"line":61,"column":34}},"loc":{"start":{"line":61,"column":67},"end":{"line":72,"column":1}}}},"branchMap":{"0":{"loc":{"start":{"line":19,"column":2},"end":{"line":21,"column":3}},"type":"if","locations":[{"start":{"line":19,"column":2},"end":{"line":21,"column":3}}]},"1":{"loc":{"start":{"line":35,"column":2},"end":{"line":37,"column":3}},"type":"if","locations":[{"start":{"line":35,"column":2},"end":{"line":37,"column":3}}]},"2":{"loc":{"start":{"line":50,"column":2},"end":{"line":52,"column":3}},"type":"if","locations":[{"start":{"line":50,"column":2},"end":{"line":52,"column":3}}]},"3":{"loc":{"start":{"line":65,"column":2},"end":{"line":67,"column":3}},"type":"if","locations":[{"start":{"line":65,"column":2},"end":{"line":67,"column":3}}]}},"s":{"0":2,"1":2,"2":2,"3":2,"4":2,"5":2,"6":2,"7":2,"8":2,"9":1,"10":1,"11":2,"12":2,"13":1,"14":1,"15":2,"16":2,"17":2,"18":2,"19":2,"20":1,"21":1,"22":1,"23":1,"24":2,"25":2,"26":2,"27":2,"28":2,"29":1,"30":1,"31":1,"32":1,"33":2,"34":2,"35":2,"36":2,"37":2,"38":1,"39":1,"40":1,"41":2},"f":{"0":2,"1":2,"2":1,"3":2,"4":2,"5":2},"b":{"0":[1],"1":[1],"2":[1],"3":[1]}}
,"C:\\Users\\juani\\Desktop\\react\\rest_api\\backend\\src\\middlewares\\index.ts": {"path":"C:\\Users\\juani\\Desktop\\react\\rest_api\\backend\\src\\middlewares\\index.ts","statementMap":{"0":{"start":{"line":2,"column":0},"end":{"line":2,"column":53}},"1":{"start":{"line":4,"column":33},"end":{"line":10,"column":1}},"2":{"start":{"line":5,"column":15},"end":{"line":5,"column":36}},"3":{"start":{"line":6,"column":2},"end":{"line":8,"column":3}},"4":{"start":{"line":7,"column":4},"end":{"line":7,"column":58}},"5":{"start":{"line":9,"column":2},"end":{"line":9,"column":9}},"6":{"start":{"line":4,"column":13},"end":{"line":4,"column":33}}},"fnMap":{"0":{"name":"(anonymous_0)","decl":{"start":{"line":4,"column":33},"end":{"line":4,"column":34}},"loc":{"start":{"line":4,"column":85},"end":{"line":10,"column":1}}}},"branchMap":{"0":{"loc":{"start":{"line":6,"column":2},"end":{"line":8,"column":3}},"type":"if","locations":[{"start":{"line":6,"column":2},"end":{"line":8,"column":3}}]}},"s":{"0":2,"1":2,"2":17,"3":17,"4":8,"5":9,"6":2},"f":{"0":17},"b":{"0":[8]}}
,"C:\\Users\\juani\\Desktop\\react\\rest_api\\backend\\src\\models\\Product.model.ts": {"path":"C:\\Users\\juani\\Desktop\\react\\rest_api\\backend\\src\\models\\Product.model.ts","statementMap":{"0":{"start":{"line":1,"column":0},"end":{"line":1,"column":77}},"1":{"start":{"line":7,"column":0},"end":{"line":26,"column":null}},"2":{"start":{"line":12,"column":10},"end":{"line":12,"column":null}},"3":{"start":{"line":18,"column":10},"end":{"line":18,"column":null}},"4":{"start":{"line":25,"column":10},"end":{"line":25,"column":null}},"5":{"start":{"line":7,"column":6},"end":{"line":26,"column":null}},"6":{"start":{"line":28,"column":0},"end":{"line":28,"column":23}}},"fnMap":{},"branchMap":{},"s":{"0":3,"1":3,"2":3,"3":3,"4":3,"5":3,"6":3},"f":{},"b":{}}
}
